{"obj": {"type": "AssignString", "path": ["sys", "name"], "value": "Untitled"}, "version": 1, "at": 1713918922.287814}
{"obj": {"type": "AssignString", "path": ["sys", "description"], "value": ""}, "version": 2, "at": 1713918922.288286}
{"obj": {"type": "AssignString", "path": ["monitoring", "b9421e7c", "hostname"], "value": "Veronikas-MBP"}, "version": 3, "at": 1713918922.288569}
{"obj": {"type": "AssignString", "path": ["sys", "hostname"], "value": "Veronikas-MBP"}, "version": 4, "at": 1713918922.2887628}
{"obj": {"type": "AssignString", "path": ["monitoring", "b9421e7c", "pid"], "value": "50248"}, "version": 5, "at": 1713918922.288936}
{"obj": {"type": "AssignString", "path": ["monitoring", "b9421e7c", "tid"], "value": "140704674978688"}, "version": 6, "at": 1713918922.289104}
{"obj": {"type": "AssignBool", "path": ["sys", "failed"], "value": false}, "version": 7, "at": 1713918922.289222}
{"obj": {"type": "AssignInt", "path": ["parameters", "epochs"], "value": 20}, "version": 8, "at": 1713918922.29998}
{"obj": {"type": "AssignInt", "path": ["parameters", "batch_size"], "value": 16}, "version": 9, "at": 1713918922.301235}
{"obj": {"type": "AssignFloat", "path": ["parameters", "learning_rate"], "value": 0.001}, "version": 10, "at": 1713918922.301572}
{"obj": {"type": "AssignFloat", "path": ["parameters", "dropout"], "value": 0.3}, "version": 11, "at": 1713918922.301772}
{"obj": {"type": "AssignString", "path": ["parameters", "optimizer"], "value": "Adam"}, "version": 12, "at": 1713918922.3019211}
{"obj": {"type": "AssignString", "path": ["parameters", "hidden_activation"], "value": "relu"}, "version": 13, "at": 1713918922.302042}
{"obj": {"type": "AssignString", "path": ["parameters", "output_activation"], "value": "softmax"}, "version": 14, "at": 1713918922.302189}
{"obj": {"type": "AssignString", "path": ["parameters", "loss"], "value": "categorical_crossentropy"}, "version": 15, "at": 1713918922.30231}
{"obj": {"type": "AssignString", "path": ["parameters", "metric"], "value": "accuracy"}, "version": 16, "at": 1713918922.302421}
{"obj": {"type": "AssignInt", "path": ["parameters", "weight_decay"], "value": 0}, "version": 17, "at": 1713918922.302527}
{"obj": {"type": "AssignString", "path": ["source_code", "integrations", "neptune-tensorflow-keras"], "value": "2.2.2"}, "version": 18, "at": 1713918922.302772}
{"obj": {"type": "AssignString", "path": ["training", "model", "optimizer_config", "name"], "value": "Adam"}, "version": 19, "at": 1713918922.38773}
{"obj": {"type": "AssignInt", "path": ["training", "model", "optimizer_config", "weight_decay"], "value": 0}, "version": 20, "at": 1713918922.3879218}
{"obj": {"type": "AssignString", "path": ["training", "model", "optimizer_config", "clipnorm"], "value": "None"}, "version": 21, "at": 1713918922.388044}
{"obj": {"type": "AssignString", "path": ["training", "model", "optimizer_config", "global_clipnorm"], "value": "None"}, "version": 22, "at": 1713918922.3881521}
{"obj": {"type": "AssignString", "path": ["training", "model", "optimizer_config", "clipvalue"], "value": "None"}, "version": 23, "at": 1713918922.388258}
{"obj": {"type": "AssignBool", "path": ["training", "model", "optimizer_config", "use_ema"], "value": false}, "version": 24, "at": 1713918922.3883572}
{"obj": {"type": "AssignFloat", "path": ["training", "model", "optimizer_config", "ema_momentum"], "value": 0.99}, "version": 25, "at": 1713918922.388457}
{"obj": {"type": "AssignString", "path": ["training", "model", "optimizer_config", "ema_overwrite_frequency"], "value": "None"}, "version": 26, "at": 1713918922.388561}
{"obj": {"type": "AssignBool", "path": ["training", "model", "optimizer_config", "jit_compile"], "value": false}, "version": 27, "at": 1713918922.388654}
{"obj": {"type": "AssignBool", "path": ["training", "model", "optimizer_config", "is_legacy_optimizer"], "value": false}, "version": 28, "at": 1713918922.3895848}
{"obj": {"type": "AssignFloat", "path": ["training", "model", "optimizer_config", "learning_rate"], "value": 0.0010000000474974513}, "version": 29, "at": 1713918922.389729}
{"obj": {"type": "AssignFloat", "path": ["training", "model", "optimizer_config", "beta_1"], "value": 0.9}, "version": 30, "at": 1713918922.389836}
{"obj": {"type": "AssignFloat", "path": ["training", "model", "optimizer_config", "beta_2"], "value": 0.999}, "version": 31, "at": 1713918922.389937}
{"obj": {"type": "AssignFloat", "path": ["training", "model", "optimizer_config", "epsilon"], "value": 1e-07}, "version": 32, "at": 1713918922.3900359}
{"obj": {"type": "AssignBool", "path": ["training", "model", "optimizer_config", "amsgrad"], "value": false}, "version": 33, "at": 1713918922.3901381}
{"obj": {"type": "AssignInt", "path": ["training", "fit_params", "verbose"], "value": 1}, "version": 34, "at": 1713918922.39062}
{"obj": {"type": "AssignInt", "path": ["training", "fit_params", "epochs"], "value": 20}, "version": 35, "at": 1713918922.390746}
{"obj": {"type": "AssignInt", "path": ["training", "fit_params", "steps"], "value": 183}, "version": 36, "at": 1713918922.390841}
{"obj": {"type": "LogFloats", "path": ["training", "model", "learning_rate"], "values": [{"value": 0.0010000000474974513, "step": null, "ts": 1713918922.406285}]}, "version": 37, "at": 1713918922.406327}
