{"obj": {"type": "AssignString", "path": ["sys", "name"], "value": "Untitled"}, "version": 1, "at": 1713732712.23999}
{"obj": {"type": "AssignString", "path": ["sys", "description"], "value": ""}, "version": 2, "at": 1713732712.240417}
{"obj": {"type": "AssignString", "path": ["monitoring", "b9f3521d", "hostname"], "value": "Veronikas-MBP"}, "version": 3, "at": 1713732712.240682}
{"obj": {"type": "AssignString", "path": ["sys", "hostname"], "value": "Veronikas-MBP"}, "version": 4, "at": 1713732712.2408772}
{"obj": {"type": "AssignString", "path": ["monitoring", "b9f3521d", "pid"], "value": "36901"}, "version": 5, "at": 1713732712.2410471}
{"obj": {"type": "AssignString", "path": ["monitoring", "b9f3521d", "tid"], "value": "140704674978688"}, "version": 6, "at": 1713732712.241226}
{"obj": {"type": "AssignBool", "path": ["sys", "failed"], "value": false}, "version": 7, "at": 1713732712.241353}
{"obj": {"type": "AssignInt", "path": ["parameters", "epochs"], "value": 100}, "version": 8, "at": 1713732712.251808}
{"obj": {"type": "AssignInt", "path": ["parameters", "batch_size"], "value": 16}, "version": 9, "at": 1713732712.25297}
{"obj": {"type": "AssignFloat", "path": ["parameters", "learning_rate"], "value": 0.001}, "version": 10, "at": 1713732712.253862}
{"obj": {"type": "AssignFloat", "path": ["parameters", "dropout"], "value": 0.0}, "version": 11, "at": 1713732712.2540889}
{"obj": {"type": "AssignString", "path": ["parameters", "optimizer"], "value": "Adam"}, "version": 12, "at": 1713732712.254302}
{"obj": {"type": "AssignString", "path": ["parameters", "hidden_activation"], "value": "relu"}, "version": 13, "at": 1713732712.254487}
{"obj": {"type": "AssignString", "path": ["parameters", "output_activation"], "value": "softmax"}, "version": 14, "at": 1713732712.254671}
{"obj": {"type": "AssignString", "path": ["parameters", "loss"], "value": "categorical_crossentropy"}, "version": 15, "at": 1713732712.254932}
{"obj": {"type": "AssignString", "path": ["parameters", "metric"], "value": "accuracy"}, "version": 16, "at": 1713732712.255163}
{"obj": {"type": "AssignString", "path": ["source_code", "integrations", "neptune-tensorflow-keras"], "value": "2.2.2"}, "version": 17, "at": 1713732712.2555678}
{"obj": {"type": "AssignString", "path": ["training", "model", "optimizer_config", "name"], "value": "Adam"}, "version": 18, "at": 1713732712.3375099}
{"obj": {"type": "AssignString", "path": ["training", "model", "optimizer_config", "weight_decay"], "value": "None"}, "version": 19, "at": 1713732712.337713}
{"obj": {"type": "AssignString", "path": ["training", "model", "optimizer_config", "clipnorm"], "value": "None"}, "version": 20, "at": 1713732712.3378282}
{"obj": {"type": "AssignString", "path": ["training", "model", "optimizer_config", "global_clipnorm"], "value": "None"}, "version": 21, "at": 1713732712.3379462}
{"obj": {"type": "AssignString", "path": ["training", "model", "optimizer_config", "clipvalue"], "value": "None"}, "version": 22, "at": 1713732712.338061}
{"obj": {"type": "AssignBool", "path": ["training", "model", "optimizer_config", "use_ema"], "value": false}, "version": 23, "at": 1713732712.338173}
{"obj": {"type": "AssignFloat", "path": ["training", "model", "optimizer_config", "ema_momentum"], "value": 0.99}, "version": 24, "at": 1713732712.338288}
{"obj": {"type": "AssignString", "path": ["training", "model", "optimizer_config", "ema_overwrite_frequency"], "value": "None"}, "version": 25, "at": 1713732712.338409}
{"obj": {"type": "AssignBool", "path": ["training", "model", "optimizer_config", "jit_compile"], "value": false}, "version": 26, "at": 1713732712.3385}
{"obj": {"type": "AssignBool", "path": ["training", "model", "optimizer_config", "is_legacy_optimizer"], "value": false}, "version": 27, "at": 1713732712.338596}
{"obj": {"type": "AssignFloat", "path": ["training", "model", "optimizer_config", "learning_rate"], "value": 0.0010000000474974513}, "version": 28, "at": 1713732712.33869}
{"obj": {"type": "AssignFloat", "path": ["training", "model", "optimizer_config", "beta_1"], "value": 0.9}, "version": 29, "at": 1713732712.3387918}
{"obj": {"type": "AssignFloat", "path": ["training", "model", "optimizer_config", "beta_2"], "value": 0.999}, "version": 30, "at": 1713732712.3388932}
{"obj": {"type": "AssignFloat", "path": ["training", "model", "optimizer_config", "epsilon"], "value": 1e-07}, "version": 31, "at": 1713732712.338996}
{"obj": {"type": "AssignBool", "path": ["training", "model", "optimizer_config", "amsgrad"], "value": false}, "version": 32, "at": 1713732712.3391}
{"obj": {"type": "AssignInt", "path": ["training", "fit_params", "verbose"], "value": 1}, "version": 33, "at": 1713732712.3392582}
{"obj": {"type": "AssignInt", "path": ["training", "fit_params", "epochs"], "value": 100}, "version": 34, "at": 1713732712.3393521}
{"obj": {"type": "AssignInt", "path": ["training", "fit_params", "steps"], "value": 165}, "version": 35, "at": 1713732712.33944}
{"obj": {"type": "LogFloats", "path": ["training", "model", "learning_rate"], "values": [{"value": 0.0010000000474974513, "step": null, "ts": 1713732712.357174}]}, "version": 36, "at": 1713732712.357215}
