{"obj": {"type": "AssignString", "path": ["sys", "name"], "value": "Untitled"}, "version": 1, "at": 1713918931.7239392}
{"obj": {"type": "AssignString", "path": ["sys", "description"], "value": ""}, "version": 2, "at": 1713918931.724205}
{"obj": {"type": "AssignString", "path": ["monitoring", "b9421e7c", "hostname"], "value": "Veronikas-MBP"}, "version": 3, "at": 1713918931.7243378}
{"obj": {"type": "AssignString", "path": ["sys", "hostname"], "value": "Veronikas-MBP"}, "version": 4, "at": 1713918931.724443}
{"obj": {"type": "AssignString", "path": ["monitoring", "b9421e7c", "pid"], "value": "50248"}, "version": 5, "at": 1713918931.724546}
{"obj": {"type": "AssignString", "path": ["monitoring", "b9421e7c", "tid"], "value": "140704674978688"}, "version": 6, "at": 1713918931.7246468}
{"obj": {"type": "AssignBool", "path": ["sys", "failed"], "value": false}, "version": 7, "at": 1713918931.724719}
{"obj": {"type": "AssignInt", "path": ["parameters", "epochs"], "value": 20}, "version": 8, "at": 1713918931.7318661}
{"obj": {"type": "AssignInt", "path": ["parameters", "batch_size"], "value": 16}, "version": 9, "at": 1713918931.732548}
{"obj": {"type": "AssignFloat", "path": ["parameters", "learning_rate"], "value": 0.001}, "version": 10, "at": 1713918931.732907}
{"obj": {"type": "AssignFloat", "path": ["parameters", "dropout"], "value": 0.3}, "version": 11, "at": 1713918931.7330198}
{"obj": {"type": "AssignString", "path": ["parameters", "optimizer"], "value": "Adam"}, "version": 12, "at": 1713918931.7331269}
{"obj": {"type": "AssignString", "path": ["parameters", "hidden_activation"], "value": "relu"}, "version": 13, "at": 1713918931.733223}
{"obj": {"type": "AssignString", "path": ["parameters", "output_activation"], "value": "softmax"}, "version": 14, "at": 1713918931.733314}
{"obj": {"type": "AssignString", "path": ["parameters", "loss"], "value": "categorical_crossentropy"}, "version": 15, "at": 1713918931.733406}
{"obj": {"type": "AssignString", "path": ["parameters", "metric"], "value": "accuracy"}, "version": 16, "at": 1713918931.733496}
{"obj": {"type": "AssignInt", "path": ["parameters", "weight_decay"], "value": 0}, "version": 17, "at": 1713918931.733581}
{"obj": {"type": "AssignString", "path": ["source_code", "integrations", "neptune-tensorflow-keras"], "value": "2.2.2"}, "version": 18, "at": 1713918931.733768}
{"obj": {"type": "AssignString", "path": ["training", "model", "optimizer_config", "name"], "value": "Adam"}, "version": 19, "at": 1713918931.799175}
{"obj": {"type": "AssignInt", "path": ["training", "model", "optimizer_config", "weight_decay"], "value": 0}, "version": 20, "at": 1713918931.79988}
{"obj": {"type": "AssignString", "path": ["training", "model", "optimizer_config", "clipnorm"], "value": "None"}, "version": 21, "at": 1713918931.800024}
{"obj": {"type": "AssignString", "path": ["training", "model", "optimizer_config", "global_clipnorm"], "value": "None"}, "version": 22, "at": 1713918931.800155}
{"obj": {"type": "AssignString", "path": ["training", "model", "optimizer_config", "clipvalue"], "value": "None"}, "version": 23, "at": 1713918931.800271}
{"obj": {"type": "AssignBool", "path": ["training", "model", "optimizer_config", "use_ema"], "value": false}, "version": 24, "at": 1713918931.800373}
{"obj": {"type": "AssignFloat", "path": ["training", "model", "optimizer_config", "ema_momentum"], "value": 0.99}, "version": 25, "at": 1713918931.8004758}
{"obj": {"type": "AssignString", "path": ["training", "model", "optimizer_config", "ema_overwrite_frequency"], "value": "None"}, "version": 26, "at": 1713918931.80059}
{"obj": {"type": "AssignBool", "path": ["training", "model", "optimizer_config", "jit_compile"], "value": false}, "version": 27, "at": 1713918931.800684}
{"obj": {"type": "AssignBool", "path": ["training", "model", "optimizer_config", "is_legacy_optimizer"], "value": false}, "version": 28, "at": 1713918931.8007748}
{"obj": {"type": "AssignFloat", "path": ["training", "model", "optimizer_config", "learning_rate"], "value": 0.0010000000474974513}, "version": 29, "at": 1713918931.8008718}
{"obj": {"type": "AssignFloat", "path": ["training", "model", "optimizer_config", "beta_1"], "value": 0.9}, "version": 30, "at": 1713918931.8009658}
{"obj": {"type": "AssignFloat", "path": ["training", "model", "optimizer_config", "beta_2"], "value": 0.999}, "version": 31, "at": 1713918931.801057}
{"obj": {"type": "AssignFloat", "path": ["training", "model", "optimizer_config", "epsilon"], "value": 1e-07}, "version": 32, "at": 1713918931.801147}
{"obj": {"type": "AssignBool", "path": ["training", "model", "optimizer_config", "amsgrad"], "value": false}, "version": 33, "at": 1713918931.801239}
{"obj": {"type": "AssignInt", "path": ["training", "fit_params", "verbose"], "value": 1}, "version": 34, "at": 1713918931.801594}
{"obj": {"type": "AssignInt", "path": ["training", "fit_params", "epochs"], "value": 20}, "version": 35, "at": 1713918931.801749}
{"obj": {"type": "AssignInt", "path": ["training", "fit_params", "steps"], "value": 183}, "version": 36, "at": 1713918931.8018482}
{"obj": {"type": "LogFloats", "path": ["training", "model", "learning_rate"], "values": [{"value": 0.0010000000474974513, "step": null, "ts": 1713918931.817489}]}, "version": 37, "at": 1713918931.8175302}
