{"obj": {"type": "AssignString", "path": ["sys", "name"], "value": "Untitled"}, "version": 1, "at": 1713736978.9861472}
{"obj": {"type": "AssignString", "path": ["sys", "description"], "value": ""}, "version": 2, "at": 1713736978.986447}
{"obj": {"type": "AssignString", "path": ["monitoring", "b9f3521d", "hostname"], "value": "Veronikas-MBP"}, "version": 3, "at": 1713736978.9865758}
{"obj": {"type": "AssignString", "path": ["sys", "hostname"], "value": "Veronikas-MBP"}, "version": 4, "at": 1713736978.986675}
{"obj": {"type": "AssignString", "path": ["monitoring", "b9f3521d", "pid"], "value": "36901"}, "version": 5, "at": 1713736978.986772}
{"obj": {"type": "AssignString", "path": ["monitoring", "b9f3521d", "tid"], "value": "140704674978688"}, "version": 6, "at": 1713736978.986866}
{"obj": {"type": "AssignBool", "path": ["sys", "failed"], "value": false}, "version": 7, "at": 1713736978.986938}
{"obj": {"type": "AssignInt", "path": ["parameters", "epochs"], "value": 20}, "version": 8, "at": 1713736978.995109}
{"obj": {"type": "AssignInt", "path": ["parameters", "batch_size"], "value": 16}, "version": 9, "at": 1713736978.995866}
{"obj": {"type": "AssignFloat", "path": ["parameters", "learning_rate"], "value": 0.001}, "version": 10, "at": 1713736978.996269}
{"obj": {"type": "AssignFloat", "path": ["parameters", "dropout"], "value": 0.0}, "version": 11, "at": 1713736978.996421}
{"obj": {"type": "AssignString", "path": ["parameters", "optimizer"], "value": "Adam"}, "version": 12, "at": 1713736978.996534}
{"obj": {"type": "AssignString", "path": ["parameters", "hidden_activation"], "value": "relu"}, "version": 13, "at": 1713736978.996632}
{"obj": {"type": "AssignString", "path": ["parameters", "output_activation"], "value": "softmax"}, "version": 14, "at": 1713736978.996727}
{"obj": {"type": "AssignString", "path": ["parameters", "loss"], "value": "categorical_crossentropy"}, "version": 15, "at": 1713736978.99682}
{"obj": {"type": "AssignString", "path": ["parameters", "metric"], "value": "accuracy"}, "version": 16, "at": 1713736978.99701}
{"obj": {"type": "AssignInt", "path": ["parameters", "weight_decay"], "value": 0}, "version": 17, "at": 1713736978.997159}
{"obj": {"type": "AssignString", "path": ["source_code", "integrations", "neptune-tensorflow-keras"], "value": "2.2.2"}, "version": 18, "at": 1713736978.997376}
{"obj": {"type": "AssignString", "path": ["training", "model", "optimizer_config", "name"], "value": "Adam"}, "version": 19, "at": 1713736979.068614}
{"obj": {"type": "AssignInt", "path": ["training", "model", "optimizer_config", "weight_decay"], "value": 0}, "version": 20, "at": 1713736979.068798}
{"obj": {"type": "AssignString", "path": ["training", "model", "optimizer_config", "clipnorm"], "value": "None"}, "version": 21, "at": 1713736979.0689101}
{"obj": {"type": "AssignString", "path": ["training", "model", "optimizer_config", "global_clipnorm"], "value": "None"}, "version": 22, "at": 1713736979.069046}
{"obj": {"type": "AssignString", "path": ["training", "model", "optimizer_config", "clipvalue"], "value": "None"}, "version": 23, "at": 1713736979.0691462}
{"obj": {"type": "AssignBool", "path": ["training", "model", "optimizer_config", "use_ema"], "value": false}, "version": 24, "at": 1713736979.069242}
{"obj": {"type": "AssignFloat", "path": ["training", "model", "optimizer_config", "ema_momentum"], "value": 0.99}, "version": 25, "at": 1713736979.06934}
{"obj": {"type": "AssignString", "path": ["training", "model", "optimizer_config", "ema_overwrite_frequency"], "value": "None"}, "version": 26, "at": 1713736979.0694442}
{"obj": {"type": "AssignBool", "path": ["training", "model", "optimizer_config", "jit_compile"], "value": false}, "version": 27, "at": 1713736979.069535}
{"obj": {"type": "AssignBool", "path": ["training", "model", "optimizer_config", "is_legacy_optimizer"], "value": false}, "version": 28, "at": 1713736979.069623}
{"obj": {"type": "AssignFloat", "path": ["training", "model", "optimizer_config", "learning_rate"], "value": 0.0010000000474974513}, "version": 29, "at": 1713736979.0697222}
{"obj": {"type": "AssignFloat", "path": ["training", "model", "optimizer_config", "beta_1"], "value": 0.9}, "version": 30, "at": 1713736979.069816}
{"obj": {"type": "AssignFloat", "path": ["training", "model", "optimizer_config", "beta_2"], "value": 0.999}, "version": 31, "at": 1713736979.0699039}
{"obj": {"type": "AssignFloat", "path": ["training", "model", "optimizer_config", "epsilon"], "value": 1e-07}, "version": 32, "at": 1713736979.0699992}
{"obj": {"type": "AssignBool", "path": ["training", "model", "optimizer_config", "amsgrad"], "value": false}, "version": 33, "at": 1713736979.07009}
{"obj": {"type": "AssignInt", "path": ["training", "fit_params", "verbose"], "value": 1}, "version": 34, "at": 1713736979.070234}
{"obj": {"type": "AssignInt", "path": ["training", "fit_params", "epochs"], "value": 20}, "version": 35, "at": 1713736979.0703208}
{"obj": {"type": "AssignInt", "path": ["training", "fit_params", "steps"], "value": 165}, "version": 36, "at": 1713736979.070406}
{"obj": {"type": "LogFloats", "path": ["training", "model", "learning_rate"], "values": [{"value": 0.0010000000474974513, "step": null, "ts": 1713736979.087046}]}, "version": 37, "at": 1713736979.087091}
{"obj": {"type": "LogFloats", "path": ["training", "validation", "epoch", "loss"], "values": [{"value": 1.0460751056671143, "step": null, "ts": 1713736990.555924}]}, "version": 38, "at": 1713736990.555967}
{"obj": {"type": "LogFloats", "path": ["training", "validation", "epoch", "accuracy"], "values": [{"value": 0.5290102362632751, "step": null, "ts": 1713736990.556321}]}, "version": 39, "at": 1713736990.556343}
{"obj": {"type": "LogFloats", "path": ["training", "train", "epoch", "loss"], "values": [{"value": 1.3174262046813965, "step": null, "ts": 1713736990.557108}]}, "version": 40, "at": 1713736990.557131}
{"obj": {"type": "LogFloats", "path": ["training", "train", "epoch", "accuracy"], "values": [{"value": 0.437476247549057, "step": null, "ts": 1713736990.5572748}]}, "version": 41, "at": 1713736990.557295}
{"obj": {"type": "LogFloats", "path": ["training", "model", "learning_rate"], "values": [{"value": 0.0010000000474974513, "step": null, "ts": 1713736990.559529}]}, "version": 42, "at": 1713736990.559561}
{"obj": {"type": "LogFloats", "path": ["training", "validation", "epoch", "loss"], "values": [{"value": 0.9128094911575317, "step": null, "ts": 1713736999.9687989}]}, "version": 43, "at": 1713736999.968847}
{"obj": {"type": "LogFloats", "path": ["training", "validation", "epoch", "accuracy"], "values": [{"value": 0.6245733499526978, "step": null, "ts": 1713736999.9691362}]}, "version": 44, "at": 1713736999.969162}
{"obj": {"type": "LogFloats", "path": ["training", "train", "epoch", "loss"], "values": [{"value": 0.9517614841461182, "step": null, "ts": 1713736999.9701319}]}, "version": 45, "at": 1713736999.970162}
{"obj": {"type": "LogFloats", "path": ["training", "train", "epoch", "accuracy"], "values": [{"value": 0.6054732203483582, "step": null, "ts": 1713736999.9702778}]}, "version": 46, "at": 1713736999.970301}
{"obj": {"type": "LogFloats", "path": ["training", "model", "learning_rate"], "values": [{"value": 0.0010000000474974513, "step": null, "ts": 1713736999.9728792}]}, "version": 47, "at": 1713736999.9729111}
{"obj": {"type": "LogFloats", "path": ["training", "validation", "epoch", "loss"], "values": [{"value": 0.7675216197967529, "step": null, "ts": 1713737009.4593868}]}, "version": 48, "at": 1713737009.4594402}
{"obj": {"type": "LogFloats", "path": ["training", "validation", "epoch", "accuracy"], "values": [{"value": 0.7201365232467651, "step": null, "ts": 1713737009.459702}]}, "version": 49, "at": 1713737009.459729}
{"obj": {"type": "LogFloats", "path": ["training", "train", "epoch", "loss"], "values": [{"value": 0.7535479068756104, "step": null, "ts": 1713737009.460594}]}, "version": 50, "at": 1713737009.460622}
{"obj": {"type": "LogFloats", "path": ["training", "train", "epoch", "accuracy"], "values": [{"value": 0.6951729655265808, "step": null, "ts": 1713737009.460736}]}, "version": 51, "at": 1713737009.460759}
{"obj": {"type": "LogFloats", "path": ["training", "model", "learning_rate"], "values": [{"value": 0.0010000000474974513, "step": null, "ts": 1713737009.462822}]}, "version": 52, "at": 1713737009.462856}
{"obj": {"type": "LogFloats", "path": ["training", "validation", "epoch", "loss"], "values": [{"value": 1.111791968345642, "step": null, "ts": 1713737018.953401}]}, "version": 53, "at": 1713737018.953451}
{"obj": {"type": "LogFloats", "path": ["training", "validation", "epoch", "accuracy"], "values": [{"value": 0.5802047848701477, "step": null, "ts": 1713737018.953742}]}, "version": 54, "at": 1713737018.953769}
{"obj": {"type": "LogFloats", "path": ["training", "train", "epoch", "loss"], "values": [{"value": 0.637794554233551, "step": null, "ts": 1713737018.954602}]}, "version": 55, "at": 1713737018.9546309}
{"obj": {"type": "LogFloats", "path": ["training", "train", "epoch", "accuracy"], "values": [{"value": 0.7575066685676575, "step": null, "ts": 1713737018.954746}]}, "version": 56, "at": 1713737018.954769}
{"obj": {"type": "LogFloats", "path": ["training", "model", "learning_rate"], "values": [{"value": 0.0010000000474974513, "step": null, "ts": 1713737018.956786}]}, "version": 57, "at": 1713737018.956819}
{"obj": {"type": "LogFloats", "path": ["training", "validation", "epoch", "loss"], "values": [{"value": 0.7169875502586365, "step": null, "ts": 1713737028.4802802}]}, "version": 58, "at": 1713737028.4803321}
{"obj": {"type": "LogFloats", "path": ["training", "validation", "epoch", "accuracy"], "values": [{"value": 0.7508532404899597, "step": null, "ts": 1713737028.4806242}]}, "version": 59, "at": 1713737028.480652}
{"obj": {"type": "LogFloats", "path": ["training", "train", "epoch", "loss"], "values": [{"value": 0.5293376445770264, "step": null, "ts": 1713737028.481455}]}, "version": 60, "at": 1713737028.481481}
{"obj": {"type": "LogFloats", "path": ["training", "train", "epoch", "accuracy"], "values": [{"value": 0.8004561066627502, "step": null, "ts": 1713737028.481589}]}, "version": 61, "at": 1713737028.481611}
{"obj": {"type": "LogFloats", "path": ["training", "model", "learning_rate"], "values": [{"value": 0.0010000000474974513, "step": null, "ts": 1713737028.4837708}]}, "version": 62, "at": 1713737028.4838028}
{"obj": {"type": "LogFloats", "path": ["training", "validation", "epoch", "loss"], "values": [{"value": 0.766712486743927, "step": null, "ts": 1713737037.942782}]}, "version": 63, "at": 1713737037.9428349}
{"obj": {"type": "LogFloats", "path": ["training", "validation", "epoch", "accuracy"], "values": [{"value": 0.744027316570282, "step": null, "ts": 1713737037.943132}]}, "version": 64, "at": 1713737037.943161}
{"obj": {"type": "LogFloats", "path": ["training", "train", "epoch", "loss"], "values": [{"value": 0.43867287039756775, "step": null, "ts": 1713737037.944027}]}, "version": 65, "at": 1713737037.944056}
{"obj": {"type": "LogFloats", "path": ["training", "train", "epoch", "accuracy"], "values": [{"value": 0.8361839652061462, "step": null, "ts": 1713737037.94417}]}, "version": 66, "at": 1713737037.9441931}
{"obj": {"type": "LogFloats", "path": ["training", "model", "learning_rate"], "values": [{"value": 0.0010000000474974513, "step": null, "ts": 1713737037.946271}]}, "version": 67, "at": 1713737037.9463072}
{"obj": {"type": "LogFloats", "path": ["training", "validation", "epoch", "loss"], "values": [{"value": 0.8458783030509949, "step": null, "ts": 1713737047.568558}]}, "version": 68, "at": 1713737047.568608}
{"obj": {"type": "LogFloats", "path": ["training", "validation", "epoch", "accuracy"], "values": [{"value": 0.744027316570282, "step": null, "ts": 1713737047.568866}]}, "version": 69, "at": 1713737047.568894}
{"obj": {"type": "LogFloats", "path": ["training", "train", "epoch", "loss"], "values": [{"value": 0.3374134600162506, "step": null, "ts": 1713737047.569725}]}, "version": 70, "at": 1713737047.569751}
{"obj": {"type": "LogFloats", "path": ["training", "train", "epoch", "accuracy"], "values": [{"value": 0.8722919225692749, "step": null, "ts": 1713737047.569866}]}, "version": 71, "at": 1713737047.569888}
{"obj": {"type": "LogFloats", "path": ["training", "model", "learning_rate"], "values": [{"value": 0.0010000000474974513, "step": null, "ts": 1713737047.57185}]}, "version": 72, "at": 1713737047.571879}
{"obj": {"type": "LogFloats", "path": ["training", "validation", "epoch", "loss"], "values": [{"value": 0.907784640789032, "step": null, "ts": 1713737057.269723}]}, "version": 73, "at": 1713737057.269772}
{"obj": {"type": "LogFloats", "path": ["training", "validation", "epoch", "accuracy"], "values": [{"value": 0.7133105993270874, "step": null, "ts": 1713737057.270047}]}, "version": 74, "at": 1713737057.2700732}
{"obj": {"type": "LogFloats", "path": ["training", "train", "epoch", "loss"], "values": [{"value": 0.2717394232749939, "step": null, "ts": 1713737057.270946}]}, "version": 75, "at": 1713737057.270972}
{"obj": {"type": "LogFloats", "path": ["training", "train", "epoch", "accuracy"], "values": [{"value": 0.8992778658866882, "step": null, "ts": 1713737057.271085}]}, "version": 76, "at": 1713737057.271107}
{"obj": {"type": "LogFloats", "path": ["training", "model", "learning_rate"], "values": [{"value": 0.0010000000474974513, "step": null, "ts": 1713737057.273376}]}, "version": 77, "at": 1713737057.273407}
{"obj": {"type": "LogFloats", "path": ["training", "validation", "epoch", "loss"], "values": [{"value": 0.7564963102340698, "step": null, "ts": 1713737067.064481}]}, "version": 78, "at": 1713737067.064532}
{"obj": {"type": "LogFloats", "path": ["training", "validation", "epoch", "accuracy"], "values": [{"value": 0.7576791644096375, "step": null, "ts": 1713737067.064781}]}, "version": 79, "at": 1713737067.064806}
{"obj": {"type": "LogFloats", "path": ["training", "train", "epoch", "loss"], "values": [{"value": 0.2459953874349594, "step": null, "ts": 1713737067.0657349}]}, "version": 80, "at": 1713737067.065762}
{"obj": {"type": "LogFloats", "path": ["training", "train", "epoch", "accuracy"], "values": [{"value": 0.9122006893157959, "step": null, "ts": 1713737067.0658739}]}, "version": 81, "at": 1713737067.065897}
{"obj": {"type": "LogFloats", "path": ["training", "model", "learning_rate"], "values": [{"value": 0.0010000000474974513, "step": null, "ts": 1713737067.0680692}]}, "version": 82, "at": 1713737067.068102}
{"obj": {"type": "LogFloats", "path": ["training", "validation", "epoch", "loss"], "values": [{"value": 0.9229087233543396, "step": null, "ts": 1713737077.299555}]}, "version": 83, "at": 1713737077.299606}
{"obj": {"type": "LogFloats", "path": ["training", "validation", "epoch", "accuracy"], "values": [{"value": 0.7303754091262817, "step": null, "ts": 1713737077.2998662}]}, "version": 84, "at": 1713737077.299891}
{"obj": {"type": "LogFloats", "path": ["training", "train", "epoch", "loss"], "values": [{"value": 0.17195332050323486, "step": null, "ts": 1713737077.300755}]}, "version": 85, "at": 1713737077.300798}
{"obj": {"type": "LogFloats", "path": ["training", "train", "epoch", "accuracy"], "values": [{"value": 0.9418472051620483, "step": null, "ts": 1713737077.300952}]}, "version": 86, "at": 1713737077.300977}
{"obj": {"type": "LogFloats", "path": ["training", "model", "learning_rate"], "values": [{"value": 0.0010000000474974513, "step": null, "ts": 1713737077.3037388}]}, "version": 87, "at": 1713737077.3037791}
{"obj": {"type": "LogFloats", "path": ["training", "validation", "epoch", "loss"], "values": [{"value": 1.050600528717041, "step": null, "ts": 1713737086.50404}]}, "version": 88, "at": 1713737086.504089}
{"obj": {"type": "LogFloats", "path": ["training", "validation", "epoch", "accuracy"], "values": [{"value": 0.7167235612869263, "step": null, "ts": 1713737086.504374}]}, "version": 89, "at": 1713737086.5043998}
{"obj": {"type": "LogFloats", "path": ["training", "train", "epoch", "loss"], "values": [{"value": 0.1642380654811859, "step": null, "ts": 1713737086.505491}]}, "version": 90, "at": 1713737086.5055292}
{"obj": {"type": "LogFloats", "path": ["training", "train", "epoch", "accuracy"], "values": [{"value": 0.9433675408363342, "step": null, "ts": 1713737086.505666}]}, "version": 91, "at": 1713737086.50569}
{"obj": {"type": "LogFloats", "path": ["training", "model", "learning_rate"], "values": [{"value": 0.0010999999940395355, "step": null, "ts": 1713737086.507735}]}, "version": 92, "at": 1713737086.5077639}
{"obj": {"type": "LogFloats", "path": ["training", "validation", "epoch", "loss"], "values": [{"value": 0.9703707695007324, "step": null, "ts": 1713737095.7424178}]}, "version": 93, "at": 1713737095.7424698}
{"obj": {"type": "LogFloats", "path": ["training", "validation", "epoch", "accuracy"], "values": [{"value": 0.744027316570282, "step": null, "ts": 1713737095.742785}]}, "version": 94, "at": 1713737095.742812}
{"obj": {"type": "LogFloats", "path": ["training", "train", "epoch", "loss"], "values": [{"value": 0.14653480052947998, "step": null, "ts": 1713737095.743944}]}, "version": 95, "at": 1713737095.743979}
{"obj": {"type": "LogFloats", "path": ["training", "train", "epoch", "accuracy"], "values": [{"value": 0.9513493180274963, "step": null, "ts": 1713737095.744108}]}, "version": 96, "at": 1713737095.744131}
{"obj": {"type": "LogFloats", "path": ["training", "model", "learning_rate"], "values": [{"value": 0.0010999999940395355, "step": null, "ts": 1713737095.747278}]}, "version": 97, "at": 1713737095.747319}
{"obj": {"type": "LogFloats", "path": ["training", "validation", "epoch", "loss"], "values": [{"value": 0.9388919472694397, "step": null, "ts": 1713737106.19538}]}, "version": 98, "at": 1713737106.195432}
{"obj": {"type": "LogFloats", "path": ["training", "validation", "epoch", "accuracy"], "values": [{"value": 0.7474402785301208, "step": null, "ts": 1713737106.195734}]}, "version": 99, "at": 1713737106.1957629}
{"obj": {"type": "LogFloats", "path": ["training", "train", "epoch", "loss"], "values": [{"value": 0.10762932896614075, "step": null, "ts": 1713737106.258877}]}, "version": 100, "at": 1713737106.2589319}
{"obj": {"type": "LogFloats", "path": ["training", "train", "epoch", "accuracy"], "values": [{"value": 0.9612314701080322, "step": null, "ts": 1713737106.2592142}]}, "version": 101, "at": 1713737106.259244}
{"obj": {"type": "LogFloats", "path": ["training", "model", "learning_rate"], "values": [{"value": 0.0010999999940395355, "step": null, "ts": 1713737106.2623281}]}, "version": 102, "at": 1713737106.262395}
